#
# There is insufficient memory for the Java Runtime Environment to continue.
# Native memory allocation (mmap) failed to map 65536 bytes for committing reserved memory.
# Possible reasons:
#   The system is out of physical RAM or swap space
#   In 32 bit mode, the process size limit was hit
# Possible solutions:
#   Reduce memory load on the system
#   Increase physical memory or swap space
#   Check if swap backing store is full
#   Use 64 bit Java on a 64 bit OS
#   Decrease Java heap size (-Xmx/-Xms)
#   Decrease number of Java threads
#   Decrease Java thread stack sizes (-Xss)
#   Set larger code cache with -XX:ReservedCodeCacheSize=
# This output file may be truncated or incomplete.
#
#  Out of Memory Error (os_linux.cpp:2643), pid=3469, tid=0x00007f5b76a38700
#
# JRE version: OpenJDK Runtime Environment (8.0_151-b12) (build 1.8.0_151-8u151-b12-0ubuntu0.16.04.2-b12)
# Java VM: OpenJDK 64-Bit Server VM (25.151-b12 mixed mode linux-amd64 compressed oops)
# Failed to write core dump. Core dumps have been disabled. To enable core dumping, try "ulimit -c unlimited" before starting Java again
#

---------------  T H R E A D  ---------------

Current thread (0x00007f5b880a9800):  JavaThread "C1 CompilerThread1" daemon [_thread_in_vm, id=3477, stack(0x00007f5b76938000,0x00007f5b76a39000)]

Stack: [0x00007f5b76938000,0x00007f5b76a39000],  sp=0x00007f5b76a37010,  free space=1020k
Native frames: (J=compiled Java code, j=interpreted, Vv=VM code, C=native code)
V  [libjvm.so+0xa684eb]
V  [libjvm.so+0x4c579c]
V  [libjvm.so+0x8b6b50]
V  [libjvm.so+0x8b0fce]
V  [libjvm.so+0xa64de4]
V  [libjvm.so+0x5e6cad]
V  [libjvm.so+0x446d96]
V  [libjvm.so+0x886ba8]
V  [libjvm.so+0x3dee6f]
V  [libjvm.so+0x323424]
V  [libjvm.so+0x323772]
V  [libjvm.so+0x324457]
V  [libjvm.so+0x4756cc]
V  [libjvm.so+0x477507]
V  [libjvm.so+0xa0cba7]
V  [libjvm.so+0xa0d06c]
V  [libjvm.so+0x8b4032]
C  [libpthread.so.0+0x76ba]  start_thread+0xca


Current CompileTask:
C1: 289688 2500   !   3       com.sun.beans.TypeResolver::resolve (274 bytes)


---------------  P R O C E S S  ---------------

Java Threads: ( => current thread )
  0x00007f5b5c002000 JavaThread "restartedMain" [_thread_in_native, id=3504, stack(0x00007f5b762bd000,0x00007f5b763be000)]
  0x00007f5b886c6800 JavaThread "Thread-0" [_thread_blocked, id=3503, stack(0x00007f5b763be000,0x00007f5b764bf000)]
  0x00007f5b880ad000 JavaThread "Service Thread" daemon [_thread_blocked, id=3478, stack(0x00007f5b76837000,0x00007f5b76938000)]
=>0x00007f5b880a9800 JavaThread "C1 CompilerThread1" daemon [_thread_in_vm, id=3477, stack(0x00007f5b76938000,0x00007f5b76a39000)]
  0x00007f5b880a7800 JavaThread "C2 CompilerThread0" daemon [_thread_in_native, id=3476, stack(0x00007f5b76a39000,0x00007f5b76b3a000)]
  0x00007f5b880a5800 JavaThread "Signal Dispatcher" daemon [_thread_blocked, id=3475, stack(0x00007f5b76b3a000,0x00007f5b76c3b000)]
  0x00007f5b8807d000 JavaThread "Finalizer" daemon [_thread_blocked, id=3474, stack(0x00007f5b77091000,0x00007f5b77192000)]
  0x00007f5b88078800 JavaThread "Reference Handler" daemon [_thread_blocked, id=3473, stack(0x00007f5b77192000,0x00007f5b77293000)]
  0x00007f5b8800c800 JavaThread "main" [_thread_blocked, id=3471, stack(0x00007f5b8ea57000,0x00007f5b8eb58000)]

Other Threads:
  0x00007f5b88070800 VMThread [stack: 0x00007f5b77293000,0x00007f5b77394000] [id=3472]
  0x00007f5b880b4000 WatcherThread [stack: 0x00007f5b76736000,0x00007f5b76837000] [id=3479]

VM state:not at safepoint (normal execution)

VM Mutex/Monitor currently owned by a thread:  ([mutex/lock_event])
[0x00007f5b88008270] CodeCache_lock - owner thread: 0x00007f5b880a9800
[0x00007f5b880098f0] Compile_lock - owner thread: 0x00007f5b880a9800
[0x00007f5b880099f0] MethodCompileQueue_lock - owner thread: 0x00007f5b880a9800

Heap:
 def new generation   total 19136K, used 10229K [0x00000000c2400000, 0x00000000c38c0000, 0x00000000d6d50000)
  eden space 17024K,  51% used [0x00000000c2400000, 0x00000000c2ca4fa8, 0x00000000c34a0000)
  from space 2112K,  65% used [0x00000000c36b0000, 0x00000000c38086f0, 0x00000000c38c0000)
  to   space 2112K,   0% used [0x00000000c34a0000, 0x00000000c34a0000, 0x00000000c36b0000)
 tenured generation   total 42368K, used 10197K [0x00000000d6d50000, 0x00000000d96b0000, 0x0000000100000000)
   the space 42368K,  24% used [0x00000000d6d50000, 0x00000000d77455c0, 0x00000000d7745600, 0x00000000d96b0000)
 Metaspace       used 24361K, capacity 24726K, committed 25088K, reserved 1071104K
  class space    used 2865K, capacity 2960K, committed 3072K, reserved 1048576K

Card table byte_map: [0x00007f5b77dd9000,0x00007f5b77fc8000] byte_map_base: 0x00007f5b777c7000

Polling page: 0x00007f5b8eb74000

CodeCache: size=245760Kb used=7695Kb max_used=7695Kb free=238064Kb
 bounds [0x00007f5b78388000, 0x00007f5b78b18000, 0x00007f5b87388000]
 total_blobs=2524 nmethods=2161 adapters=276
 compilation: enabled

Compilation events (10 events):
Event: 149,854 Thread 0x00007f5b880a9800 nmethod 2496 0x00007f5b78af8610 code [0x00007f5b78af8780, 0x00007f5b78af8910]
Event: 149,854 Thread 0x00007f5b880a9800 2495       3       org.springframework.core.MethodParameter::getDeclaringClass (10 bytes)
Event: 159,961 Thread 0x00007f5b880a9800 nmethod 2495 0x00007f5b784fb3d0 code [0x00007f5b784fb540, 0x00007f5b784fb800]
Event: 159,974 Thread 0x00007f5b880a9800 2497       3       org.springframework.util.ReflectionUtils::getDeclaredMethods (134 bytes)
Event: 186,884 Thread 0x00007f5b880a9800 nmethod 2497 0x00007f5b78b0e410 code [0x00007f5b78b0e6a0, 0x00007f5b78b0f4d0]
Event: 187,261 Thread 0x00007f5b880a9800 2498       3       org.springframework.beans.factory.support.AbstractBeanDefinition::setAutowireMode (6 bytes)
Event: 193,201 Thread 0x00007f5b880a9800 nmethod 2498 0x00007f5b78620150 code [0x00007f5b786202a0, 0x00007f5b786203f0]
Event: 193,201 Thread 0x00007f5b880a9800 2489       3       org.springframework.beans.factory.support.AbstractBeanFactory::isSingleton (189 bytes)
Event: 240,556 Thread 0x00007f5b880a9800 nmethod 2489 0x00007f5b78b0fb10 code [0x00007f5b78b0ff60, 0x00007f5b78b13118]
Event: 240,560 Thread 0x00007f5b880a9800 2500   !   3       com.sun.beans.TypeResolver::resolve (274 bytes)

GC Heap History (10 events):
Event: 59,286 GC heap before
{Heap before GC invocations=8 (full 1):
 def new generation   total 19136K, used 17024K [0x00000000c2400000, 0x00000000c38c0000, 0x00000000d6d50000)
  eden space 17024K, 100% used [0x00000000c2400000, 0x00000000c34a0000, 0x00000000c34a0000)
  from space 2112K,   0% used [0x00000000c34a0000, 0x00000000c34a0000, 0x00000000c36b0000)
  to   space 2112K,   0% used [0x00000000c36b0000, 0x00000000c36b0000, 0x00000000c38c0000)
 tenured generation   total 42368K, used 8537K [0x00000000d6d50000, 0x00000000d96b0000, 0x0000000100000000)
   the space 42368K,  20% used [0x00000000d6d50000, 0x00000000d75a6750, 0x00000000d75a6800, 0x00000000d96b0000)
 Metaspace       used 21473K, capacity 21716K, committed 21888K, reserved 1069056K
  class space    used 2520K, capacity 2627K, committed 2688K, reserved 1048576K
Event: 59,289 GC heap after
Heap after GC invocations=9 (full 1):
 def new generation   total 19136K, used 1206K [0x00000000c2400000, 0x00000000c38c0000, 0x00000000d6d50000)
  eden space 17024K,   0% used [0x00000000c2400000, 0x00000000c2400000, 0x00000000c34a0000)
  from space 2112K,  57% used [0x00000000c36b0000, 0x00000000c37dd928, 0x00000000c38c0000)
  to   space 2112K,   0% used [0x00000000c34a0000, 0x00000000c34a0000, 0x00000000c36b0000)
 tenured generation   total 42368K, used 8537K [0x00000000d6d50000, 0x00000000d96b0000, 0x0000000100000000)
   the space 42368K,  20% used [0x00000000d6d50000, 0x00000000d75a6750, 0x00000000d75a6800, 0x00000000d96b0000)
 Metaspace       used 21473K, capacity 21716K, committed 21888K, reserved 1069056K
  class space    used 2520K, capacity 2627K, committed 2688K, reserved 1048576K
}
Event: 61,572 GC heap before
{Heap before GC invocations=9 (full 1):
 def new generation   total 19136K, used 18230K [0x00000000c2400000, 0x00000000c38c0000, 0x00000000d6d50000)
  eden space 17024K, 100% used [0x00000000c2400000, 0x00000000c34a0000, 0x00000000c34a0000)
  from space 2112K,  57% used [0x00000000c36b0000, 0x00000000c37dd928, 0x00000000c38c0000)
  to   space 2112K,   0% used [0x00000000c34a0000, 0x00000000c34a0000, 0x00000000c36b0000)
 tenured generation   total 42368K, used 8537K [0x00000000d6d50000, 0x00000000d96b0000, 0x0000000100000000)
   the space 42368K,  20% used [0x00000000d6d50000, 0x00000000d75a6750, 0x00000000d75a6800, 0x00000000d96b0000)
 Metaspace       used 21685K, capacity 22010K, committed 22144K, reserved 1069056K
  class space    used 2549K, capacity 2660K, committed 2688K, reserved 1048576K
Event: 61,575 GC heap after
Heap after GC invocations=10 (full 1):
 def new generation   total 19136K, used 904K [0x00000000c2400000, 0x00000000c38c0000, 0x00000000d6d50000)
  eden space 17024K,   0% used [0x00000000c2400000, 0x00000000c2400000, 0x00000000c34a0000)
  from space 2112K,  42% used [0x00000000c34a0000, 0x00000000c35821c8, 0x00000000c36b0000)
  to   space 2112K,   0% used [0x00000000c36b0000, 0x00000000c36b0000, 0x00000000c38c0000)
 tenured generation   total 42368K, used 9157K [0x00000000d6d50000, 0x00000000d96b0000, 0x0000000100000000)
   the space 42368K,  21% used [0x00000000d6d50000, 0x00000000d76416c0, 0x00000000d7641800, 0x00000000d96b0000)
 Metaspace       used 21685K, capacity 22010K, committed 22144K, reserved 1069056K
  class space    used 2549K, capacity 2660K, committed 2688K, reserved 1048576K
}
Event: 64,651 GC heap before
{Heap before GC invocations=10 (full 1):
 def new generation   total 19136K, used 17928K [0x00000000c2400000, 0x00000000c38c0000, 0x00000000d6d50000)
  eden space 17024K, 100% used [0x00000000c2400000, 0x00000000c34a0000, 0x00000000c34a0000)
  from space 2112K,  42% used [0x00000000c34a0000, 0x00000000c35821c8, 0x00000000c36b0000)
  to   space 2112K,   0% used [0x00000000c36b0000, 0x00000000c36b0000, 0x00000000c38c0000)
 tenured generation   total 42368K, used 9157K [0x00000000d6d50000, 0x00000000d96b0000, 0x0000000100000000)
   the space 42368K,  21% used [0x00000000d6d50000, 0x00000000d76416c0, 0x00000000d7641800, 0x00000000d96b0000)
 Metaspace       used 21997K, capacity 22264K, committed 22528K, reserved 1069056K
  class space    used 2583K, capacity 2698K, committed 2816K, reserved 1048576K
Event: 64,657 GC heap after
Heap after GC invocations=11 (full 1):
 def new generation   total 19136K, used 1049K [0x00000000c2400000, 0x00000000c38c0000, 0x00000000d6d50000)
  eden space 17024K,   0% used [0x00000000c2400000, 0x00000000c2400000, 0x00000000c34a0000)
  from space 2112K,  49% used [0x00000000c36b0000, 0x00000000c37b65f8, 0x00000000c38c0000)
  to   space 2112K,   0% used [0x00000000c34a0000, 0x00000000c34a0000, 0x00000000c36b0000)
 tenured generation   total 42368K, used 9157K [0x00000000d6d50000, 0x00000000d96b0000, 0x0000000100000000)
   the space 42368K,  21% used [0x00000000d6d50000, 0x00000000d76416c0, 0x00000000d7641800, 0x00000000d96b0000)
 Metaspace       used 21997K, capacity 22264K, committed 22528K, reserved 1069056K
  class space    used 2583K, capacity 2698K, committed 2816K, reserved 1048576K
}
Event: 68,018 GC heap before
{Heap before GC invocations=11 (full 1):
 def new generation   total 19136K, used 18073K [0x00000000c2400000, 0x00000000c38c0000, 0x00000000d6d50000)
  eden space 17024K, 100% used [0x00000000c2400000, 0x00000000c34a0000, 0x00000000c34a0000)
  from space 2112K,  49% used [0x00000000c36b0000, 0x00000000c37b65f8, 0x00000000c38c0000)
  to   space 2112K,   0% used [0x00000000c34a0000, 0x00000000c34a0000, 0x00000000c36b0000)
 tenured generation   total 42368K, used 9157K [0x00000000d6d50000, 0x00000000d96b0000, 0x0000000100000000)
   the space 42368K,  21% used [0x00000000d6d50000, 0x00000000d76416c0, 0x00000000d7641800, 0x00000000d96b0000)
 Metaspace       used 22919K, capacity 23198K, committed 23296K, reserved 1069056K
  class space    used 2706K, capacity 2795K, committed 2816K, reserved 1048576K
Event: 68,022 GC heap after
Heap after GC invocations=12 (full 1):
 def new generation   total 19136K, used 2110K [0x00000000c2400000, 0x00000000c38c0000, 0x00000000d6d50000)
  eden space 17024K,   0% used [0x00000000c2400000, 0x00000000c2400000, 0x00000000c34a0000)
  from space 2112K,  99% used [0x00000000c34a0000, 0x00000000c36af8c8, 0x00000000c36b0000)
  to   space 2112K,   0% used [0x00000000c36b0000, 0x00000000c36b0000, 0x00000000c38c0000)
 tenured generation   total 42368K, used 9157K [0x00000000d6d50000, 0x00000000d96b0000, 0x0000000100000000)
   the space 42368K,  21% used [0x00000000d6d50000, 0x00000000d76416c0, 0x00000000d7641800, 0x00000000d96b0000)
 Metaspace       used 22919K, capacity 23198K, committed 23296K, reserved 1069056K
  class space    used 2706K, capacity 2795K, committed 2816K, reserved 1048576K
}
Event: 76,697 GC heap before
{Heap before GC invocations=12 (full 1):
 def new generation   total 19136K, used 19134K [0x00000000c2400000, 0x00000000c38c0000, 0x00000000d6d50000)
  eden space 17024K, 100% used [0x00000000c2400000, 0x00000000c34a0000, 0x00000000c34a0000)
  from space 2112K,  99% used [0x00000000c34a0000, 0x00000000c36af8c8, 0x00000000c36b0000)
  to   space 2112K,   0% used [0x00000000c36b0000, 0x00000000c36b0000, 0x00000000c38c0000)
 tenured generation   total 42368K, used 9157K [0x00000000d6d50000, 0x00000000d96b0000, 0x0000000100000000)
   the space 42368K,  21% used [0x00000000d6d50000, 0x00000000d76416c0, 0x00000000d7641800, 0x00000000d96b0000)
 Metaspace       used 24105K, capacity 24438K, committed 24704K, reserved 1071104K
  class space    used 2839K, capacity 2928K, committed 2944K, reserved 1048576K
Event: 76,820 GC heap after
Heap after GC invocations=13 (full 1):
 def new generation   total 19136K, used 1377K [0x00000000c2400000, 0x00000000c38c0000, 0x00000000d6d50000)
  eden space 17024K,   0% used [0x00000000c2400000, 0x00000000c2400000, 0x00000000c34a0000)
  from space 2112K,  65% used [0x00000000c36b0000, 0x00000000c38086f0, 0x00000000c38c0000)
  to   space 2112K,   0% used [0x00000000c34a0000, 0x00000000c34a0000, 0x00000000c36b0000)
 tenured generation   total 42368K, used 10197K [0x00000000d6d50000, 0x00000000d96b0000, 0x0000000100000000)
   the space 42368K,  24% used [0x00000000d6d50000, 0x00000000d77455c0, 0x00000000d7745600, 0x00000000d96b0000)
 Metaspace       used 24105K, capacity 24438K, committed 24704K, reserved 1071104K
  class space    used 2839K, capacity 2928K, committed 2944K, reserved 1048576K
}

Deoptimization events (10 events):
Event: 49,581 Thread 0x00007f5b5c002000 Uncommon trap: reason=bimorphic action=maybe_recompile pc=0x00007f5b786bd00c method=java.util.HashMap.putVal(ILjava/lang/Object;Ljava/lang/Object;ZZ)Ljava/lang/Object; @ 253
Event: 49,581 Thread 0x00007f5b5c002000 Uncommon trap: reason=bimorphic action=maybe_recompile pc=0x00007f5b786bd00c method=java.util.HashMap.putVal(ILjava/lang/Object;Ljava/lang/Object;ZZ)Ljava/lang/Object; @ 253
Event: 49,581 Thread 0x00007f5b5c002000 Uncommon trap: reason=bimorphic action=maybe_recompile pc=0x00007f5b786bd00c method=java.util.HashMap.putVal(ILjava/lang/Object;Ljava/lang/Object;ZZ)Ljava/lang/Object; @ 253
Event: 50,466 Thread 0x00007f5b5c002000 Uncommon trap: reason=bimorphic action=maybe_recompile pc=0x00007f5b786b1d48 method=java.util.HashMap.putVal(ILjava/lang/Object;Ljava/lang/Object;ZZ)Ljava/lang/Object; @ 253
Event: 51,282 Thread 0x00007f5b5816f800 Uncommon trap: reason=class_check action=maybe_recompile pc=0x00007f5b786adcbc method=java.util.regex.Matcher.search(I)Z @ 86
Event: 58,824 Thread 0x00007f5b5c002000 Uncommon trap: reason=bimorphic action=maybe_recompile pc=0x00007f5b788a3c8c method=java.util.HashMap.putVal(ILjava/lang/Object;Ljava/lang/Object;ZZ)Ljava/lang/Object; @ 203
Event: 59,348 Thread 0x00007f5b5c002000 Uncommon trap: reason=bimorphic action=maybe_recompile pc=0x00007f5b788a3c8c method=java.util.HashMap.putVal(ILjava/lang/Object;Ljava/lang/Object;ZZ)Ljava/lang/Object; @ 203
Event: 60,859 Thread 0x00007f5b5c002000 Uncommon trap: reason=bimorphic action=maybe_recompile pc=0x00007f5b785305d0 method=java.util.HashMap.putVal(ILjava/lang/Object;Ljava/lang/Object;ZZ)Ljava/lang/Object; @ 203
Event: 64,305 Thread 0x00007f5b5c002000 Uncommon trap: reason=class_check action=maybe_recompile pc=0x00007f5b787a9a20 method=java.util.concurrent.ConcurrentHashMap.putVal(Ljava/lang/Object;Ljava/lang/Object;Z)Ljava/lang/Object; @ 192
Event: 71,677 Thread 0x00007f5b5c002000 Uncommon trap: reason=unstable_if action=reinterpret pc=0x00007f5b787a9bfc method=java.util.concurrent.ConcurrentHashMap.putVal(Ljava/lang/Object;Ljava/lang/Object;Z)Ljava/lang/Object; @ 206

Internal exceptions (10 events):
Event: 104,510 Thread 0x00007f5b5c002000 Exception <a 'java/lang/ClassNotFoundException': org/springframework/boot/context/properties/ConfigurationBeanFactoryMetaDataCustomizer> (0x00000000c2a627d0) thrown at [/build/openjdk-8-W2Qe27/openjdk-8-8u151-b12/src/hotspot/src/share/vm/classfile/systemD
Event: 113,039 Thread 0x00007f5b5c002000 Exception <a 'java/lang/ClassNotFoundException': org/springframework/beans/factory/config/BeanFactoryPostProcessorCustomizer> (0x00000000c2a81948) thrown at [/build/openjdk-8-W2Qe27/openjdk-8-8u151-b12/src/hotspot/src/share/vm/classfile/systemDictionary.c
Event: 119,661 Thread 0x00007f5b5c002000 Exception <a 'java/lang/ClassNotFoundException': org/springframework/boot/autoconfigure/web/ErrorMvcAutoConfiguration$PreserveErrorControllerTargetClassPostProcessorBeanInfo> (0x00000000c2aaacc8) thrown at [/build/openjdk-8-W2Qe27/openjdk-8-8u151-b12/src/
Event: 119,666 Thread 0x00007f5b5c002000 Exception <a 'java/lang/ClassNotFoundException': org/springframework/boot/autoconfigure/web/ErrorMvcAutoConfiguration$PreserveErrorControllerTargetClassPostProcessorCustomizer> (0x00000000c2acebe0) thrown at [/build/openjdk-8-W2Qe27/openjdk-8-8u151-b12/sr
Event: 121,590 Thread 0x00007f5b5c002000 Exception <a 'java/lang/ClassNotFoundException': org/springframework/beans/factory/config/BeanFactoryPostProcessorCustomizer> (0x00000000c2aea470) thrown at [/build/openjdk-8-W2Qe27/openjdk-8-8u151-b12/src/hotspot/src/share/vm/classfile/systemDictionary.c
Event: 193,208 Thread 0x00007f5b5c002000 Exception <a 'java/lang/ClassNotFoundException': org/springframework/beans/factory/annotation/AutowiredAnnotationBeanPostProcessorBeanInfo> (0x00000000c2b88900) thrown at [/build/openjdk-8-W2Qe27/openjdk-8-8u151-b12/src/hotspot/src/share/vm/classfile/syst
Event: 198,692 Thread 0x00007f5b5c002000 Exception <a 'java/lang/ClassNotFoundException': org/springframework/beans/factory/config/InstantiationAwareBeanPostProcessorAdapterBeanInfo> (0x00000000c2ba4e70) thrown at [/build/openjdk-8-W2Qe27/openjdk-8-8u151-b12/src/hotspot/src/share/vm/classfile/sy
Event: 203,213 Thread 0x00007f5b5c002000 Exception <a 'java/lang/ClassNotFoundException': org/springframework/beans/factory/config/InstantiationAwareBeanPostProcessorAdapterCustomizer> (0x00000000c2bc19d8) thrown at [/build/openjdk-8-W2Qe27/openjdk-8-8u151-b12/src/hotspot/src/share/vm/classfile/
Event: 238,798 Thread 0x00007f5b5c002000 Exception <a 'java/lang/ClassNotFoundException': org/springframework/beans/factory/annotation/AutowiredAnnotationBeanPostProcessorCustomizer> (0x00000000c2be8df0) thrown at [/build/openjdk-8-W2Qe27/openjdk-8-8u151-b12/src/hotspot/src/share/vm/classfile/sy
Event: 252,502 Thread 0x00007f5b5c002000 Exception <a 'java/lang/ClassNotFoundException': org/springframework/beans/factory/support/MergedBeanDefinitionPostProcessorCustomizer> (0x00000000c2c1e028) thrown at [/build/openjdk-8-W2Qe27/openjdk-8-8u151-b12/src/hotspot/src/share/vm/classfile/systemDi

Events (10 events):
Event: 238,794 loading class org/springframework/beans/factory/annotation/AutowiredAnnotationBeanPostProcessorCustomizer
Event: 238,794 loading class org/springframework/beans/factory/annotation/AutowiredAnnotationBeanPostProcessorCustomizer done
Event: 248,701 loading class org/springframework/beans/factory/support/MergedBeanDefinitionPostProcessorCustomizer
Event: 249,136 loading class org/springframework/beans/factory/support/MergedBeanDefinitionPostProcessorCustomizer done
Event: 250,721 loading class org/springframework/beans/factory/support/MergedBeanDefinitionPostProcessorCustomizer
Event: 250,946 loading class org/springframework/beans/factory/support/MergedBeanDefinitionPostProcessorCustomizer done
Event: 252,490 loading class org/springframework/beans/factory/support/MergedBeanDefinitionPostProcessorCustomizer
Event: 252,493 loading class org/springframework/beans/factory/support/MergedBeanDefinitionPostProcessorCustomizer done
Event: 256,164 loading class org/springframework/core/PriorityOrderedCustomizer
Event: 256,675 loading class org/springframework/core/PriorityOrderedCustomizer done


Dynamic libraries:
00400000-00401000 r-xp 00000000 fd:00 267816                             /usr/lib/jvm/java-8-openjdk-amd64/jre/bin/java
00600000-00601000 r--p 00000000 fd:00 267816                             /usr/lib/jvm/java-8-openjdk-amd64/jre/bin/java
00601000-00602000 rw-p 00001000 fd:00 267816                             /usr/lib/jvm/java-8-openjdk-amd64/jre/bin/java
016ec000-0170d000 rw-p 00000000 00:00 0                                  [heap]
c2400000-c38c0000 rw-p 00000000 00:00 0 
c38c0000-d6d50000 ---p 00000000 00:00 0 
d6d50000-d96b0000 rw-p 00000000 00:00 0 
d96b0000-100000000 ---p 00000000 00:00 0 
100000000-100300000 rw-p 00000000 00:00 0 
100300000-140000000 ---p 00000000 00:00 0 
7f5b54fff000-7f5b58000000 rw-p 00000000 00:00 0 
7f5b58000000-7f5b58b55000 rw-p 00000000 00:00 0 
7f5b58b55000-7f5b5c000000 ---p 00000000 00:00 0 
7f5b5c000000-7f5b5c021000 rw-p 00000000 00:00 0 
7f5b5c021000-7f5b60000000 ---p 00000000 00:00 0 
7f5b60000000-7f5b60049000 rw-p 00000000 00:00 0 
7f5b60049000-7f5b64000000 ---p 00000000 00:00 0 
7f5b64000000-7f5b648c2000 rw-p 00000000 00:00 0 
7f5b648c2000-7f5b68000000 ---p 00000000 00:00 0 
7f5b68000000-7f5b68021000 rw-p 00000000 00:00 0 
7f5b68021000-7f5b6c000000 ---p 00000000 00:00 0 
7f5b6c000000-7f5b6c021000 rw-p 00000000 00:00 0 
7f5b6c021000-7f5b70000000 ---p 00000000 00:00 0 
7f5b70000000-7f5b70052000 rw-p 00000000 00:00 0 
7f5b70052000-7f5b74000000 ---p 00000000 00:00 0 
7f5b74c86000-7f5b74e06000 rw-p 00000000 00:00 0 
7f5b74e06000-7f5b74e89000 ---p 00000000 00:00 0 
7f5b74e89000-7f5b75187000 rw-p 00000000 00:00 0 
7f5b75187000-7f5b75387000 rw-p 00000000 00:00 0 
7f5b75387000-7f5b75398000 r-xp 00000000 fd:00 265167                     /usr/lib/jvm/java-8-openjdk-amd64/jre/lib/amd64/libnio.so
7f5b75398000-7f5b75598000 ---p 00011000 fd:00 265167                     /usr/lib/jvm/java-8-openjdk-amd64/jre/lib/amd64/libnio.so
7f5b75598000-7f5b75599000 r--p 00011000 fd:00 265167                     /usr/lib/jvm/java-8-openjdk-amd64/jre/lib/amd64/libnio.so
7f5b75599000-7f5b7559a000 rw-p 00012000 fd:00 265167                     /usr/lib/jvm/java-8-openjdk-amd64/jre/lib/amd64/libnio.so
7f5b7559a000-7f5b7579a000 rw-p 00000000 00:00 0 
7f5b7579a000-7f5b7599a000 rw-p 00000000 00:00 0 
7f5b7599a000-7f5b75b9a000 rw-p 00000000 00:00 0 
7f5b75b9a000-7f5b75b9d000 ---p 00000000 00:00 0 
7f5b75b9d000-7f5b75e9b000 rw-p 00000000 00:00 0 
7f5b75e9b000-7f5b75eb2000 r-xp 00000000 fd:00 265154                     /usr/lib/jvm/java-8-openjdk-amd64/jre/lib/amd64/libnet.so
7f5b75eb2000-7f5b760b1000 ---p 00017000 fd:00 265154                     /usr/lib/jvm/java-8-openjdk-amd64/jre/lib/amd64/libnet.so
7f5b760b1000-7f5b760b2000 r--p 00016000 fd:00 265154                     /usr/lib/jvm/java-8-openjdk-amd64/jre/lib/amd64/libnet.so
7f5b760b2000-7f5b760b3000 rw-p 00017000 fd:00 265154                     /usr/lib/jvm/java-8-openjdk-amd64/jre/lib/amd64/libnet.so
7f5b760b3000-7f5b760bc000 r-xp 00000000 fd:00 265137                     /usr/lib/jvm/java-8-openjdk-amd64/jre/lib/amd64/libmanagement.so
7f5b760bc000-7f5b762bb000 ---p 00009000 fd:00 265137                     /usr/lib/jvm/java-8-openjdk-amd64/jre/lib/amd64/libmanagement.so
7f5b762bb000-7f5b762bc000 r--p 00008000 fd:00 265137                     /usr/lib/jvm/java-8-openjdk-amd64/jre/lib/amd64/libmanagement.so
7f5b762bc000-7f5b762bd000 rw-p 00009000 fd:00 265137                     /usr/lib/jvm/java-8-openjdk-amd64/jre/lib/amd64/libmanagement.so
7f5b762bd000-7f5b762c0000 ---p 00000000 00:00 0 
7f5b762c0000-7f5b763be000 rw-p 00000000 00:00 0 
7f5b763be000-7f5b763c1000 ---p 00000000 00:00 0 
7f5b763c1000-7f5b764bf000 rw-p 00000000 00:00 0 
7f5b764bf000-7f5b764c2000 r--s 00017000 fd:00 574097                     /home/member/.m2/repository/io/jsonwebtoken/jjwt/0.6.0/jjwt-0.6.0.jar
7f5b764c2000-7f5b764c4000 r--s 00003000 fd:00 16732                      /home/member/.m2/repository/org/slf4j/jcl-over-slf4j/1.7.25/jcl-over-slf4j-1.7.25.jar
7f5b764c4000-7f5b764d7000 r--s 000ae000 fd:00 26262                      /home/member/.m2/repository/org/springframework/data/spring-data-commons/1.13.10.RELEASE/spring-data-commons-1.13.10.RELEASE.jar
7f5b764d7000-7f5b764df000 r--s 0003a000 fd:00 26260                      /home/member/.m2/repository/org/springframework/spring-tx/4.3.14.RELEASE/spring-tx-4.3.14.RELEASE.jar
7f5b764df000-7f5b764f7000 r--s 000df000 fd:00 26258                      /home/member/.m2/repository/org/springframework/data/spring-data-mongodb/1.10.10.RELEASE/spring-data-mongodb-1.10.10.RELEASE.jar
7f5b764f7000-7f5b764fc000 r--s 00037000 fd:00 16808                      /home/member/.m2/repository/org/mongodb/bson/3.4.3/bson-3.4.3.jar
7f5b764fc000-7f5b76511000 r--s 000ef000 fd:00 16806                      /home/member/.m2/repository/org/mongodb/mongodb-driver-core/3.4.3/mongodb-driver-core-3.4.3.jar
7f5b76511000-7f5b76517000 r--s 00054000 fd:00 16804                      /home/member/.m2/repository/org/mongodb/mongodb-driver/3.4.3/mongodb-driver-3.4.3.jar
7f5b76517000-7f5b76518000 r--s 00000000 fd:00 696933                     /home/member/.m2/repository/org/springframework/boot/spring-boot-starter-data-mongodb/1.5.10.RELEASE/spring-boot-starter-data-mongodb-1.5.10.RELEASE.jar
7f5b76518000-7f5b76519000 r--s 0000f000 fd:00 591429                     /home/member/.m2/repository/org/json/json/20140107/json-20140107.jar
7f5b76519000-7f5b7651b000 r--s 00009000 fd:00 26368                      /home/member/.m2/repository/org/apache/httpcomponents/httpmime/4.5.5/httpmime-4.5.5.jar
7f5b7651b000-7f5b76523000 r--s 00050000 fd:00 26366                      /home/member/.m2/repository/org/apache/httpcomponents/httpcore-nio/4.4.6/httpcore-nio-4.4.6.jar
7f5b76523000-7f5b76526000 r--s 00029000 fd:00 26364                      /home/member/.m2/repository/org/apache/httpcomponents/httpasyncclient/4.1.3/httpasyncclient-4.1.3.jar
7f5b76526000-7f5b7652d000 r--s 0003f000 fd:00 586056                     /home/member/.m2/repository/commons-codec/commons-codec/1.10/commons-codec-1.10.jar
7f5b7652d000-7f5b76534000 r--s 00049000 fd:00 26221                      /home/member/.m2/repository/org/apache/httpcomponents/httpcore/4.4.9/httpcore-4.4.9.jar
7f5b76534000-7f5b76542000 r--s 000ae000 fd:00 26362                      /home/member/.m2/repository/org/apache/httpcomponents/httpclient/4.5.5/httpclient-4.5.5.jar
7f5b76542000-7f5b76546000 r--s 00031000 fd:00 591509                     /home/member/.m2/repository/commons-io/commons-io/2.6/commons-io-2.6.jar
7f5b76546000-7f5b76548000 r--s 00009000 fd:00 700376                     /home/member/.m2/repository/com/mashape/unirest/unirest-java/1.4.9/unirest-java-1.4.9.jar
7f5b76548000-7f5b7655d000 r--s 00161000 fd:00 5844                       /home/member/.m2/repository/org/projectlombok/lombok/1.16.20/lombok-1.16.20.jar
7f5b7655d000-7f5b76573000 r--s 000fe000 fd:00 5840                       /home/member/.m2/repository/org/springframework/spring-core/4.3.14.RELEASE/spring-core-4.3.14.RELEASE.jar
7f5b76573000-7f5b76593000 r--s 000e6000 fd:00 696817                     /home/member/.m2/repository/org/springframework/boot/spring-boot-autoconfigure/1.5.10.RELEASE/spring-boot-autoconfigure-1.5.10.RELEASE.jar
7f5b76593000-7f5b765a3000 r--s 00095000 fd:00 696815                     /home/member/.m2/repository/org/springframework/boot/spring-boot/1.5.10.RELEASE/spring-boot-1.5.10.RELEASE.jar
7f5b765a3000-7f5b765a9000 r--s 0002f000 fd:00 699934                     /home/member/.m2/repository/org/springframework/boot/spring-boot-devtools/1.5.10.RELEASE/spring-boot-devtools-1.5.10.RELEASE.jar
7f5b765a9000-7f5b765ae000 r--s 0003c000 fd:00 5838                       /home/member/.m2/repository/org/springframework/spring-expression/4.3.14.RELEASE/spring-expression-4.3.14.RELEASE.jar
7f5b765ae000-7f5b765c0000 r--s 000cf000 fd:00 5984                       /home/member/.m2/repository/org/springframework/spring-webmvc/4.3.14.RELEASE/spring-webmvc-4.3.14.RELEASE.jar
7f5b765c0000-7f5b765d9000 r--s 000fe000 fd:00 5823                       /home/member/.m2/repository/org/springframework/spring-context/4.3.14.RELEASE/spring-context-4.3.14.RELEASE.jar
7f5b765d9000-7f5b765e7000 r--s 000ad000 fd:00 5832                       /home/member/.m2/repository/org/springframework/spring-beans/4.3.14.RELEASE/spring-beans-4.3.14.RELEASE.jar
7f5b765e7000-7f5b765f0000 r--s 00054000 fd:00 5828                       /home/member/.m2/repository/org/springframework/spring-aop/4.3.14.RELEASE/spring-aop-4.3.14.RELEASE.jar
7f5b765f0000-7f5b76602000 r--s 000b8000 fd:00 5982                       /home/member/.m2/repository/org/springframework/spring-web/4.3.14.RELEASE/spring-web-4.3.14.RELEASE.jar
7f5b76602000-7f5b76606000 r--s 00042000 fd:00 16770                      /home/member/.m2/repository/com/fasterxml/jackson/core/jackson-core/2.8.10/jackson-core-2.8.10.jar
7f5b76606000-7f5b76609000 r--s 0000b000 fd:00 16768                      /home/member/.m2/repository/com/fasterxml/jackson/core/jackson-annotations/2.8.0/jackson-annotations-2.8.0.jar
7f5b76609000-7f5b7661b000 r--s 0011e000 fd:00 16766                      /home/member/.m2/repository/com/fasterxml/jackson/core/jackson-databind/2.8.10/jackson-databind-2.8.10.jar
7f5b7661b000-7f5b7661d000 r--s 0000e000 fd:00 16764                      /home/member/.m2/repository/com/fasterxml/classmate/1.3.4/classmate-1.3.4.jar
7f5b7661d000-7f5b76620000 r--s 0000e000 fd:00 16762                      /home/member/.m2/repository/org/jboss/logging/jboss-logging/3.3.1.Final/jboss-logging-3.3.1.Final.jar
7f5b76620000-7f5b76624000 r--s 0000c000 fd:00 586050                     /home/member/.m2/repository/javax/validation/validation-api/1.1.0.Final/validation-api-1.1.0.Final.jar
7f5b76624000-7f5b76635000 r--s 000a1000 fd:00 17889                      /home/member/.m2/repository/org/hibernate/hibernate-validator/5.3.6.Final/hibernate-validator-5.3.6.Final.jar
7f5b76635000-7f5b7663a000 r--s 0003a000 fd:00 5980                       /home/member/.m2/repository/org/apache/tomcat/embed/tomcat-embed-websocket/8.5.27/tomcat-embed-websocket-8.5.27.jar
7f5b7663a000-7f5b7663e000 r--s 00037000 fd:00 5978                       /home/member/.m2/repository/org/apache/tomcat/embed/tomcat-embed-el/8.5.27/tomcat-embed-el-8.5.27.jar
7f5b7663e000-7f5b76640000 r--s 00002000 fd:00 5976                       /home/member/.m2/repository/org/apache/tomcat/tomcat-annotations-api/8.5.27/tomcat-annotations-api-8.5.27.jar
7f5b76640000-7f5b76669000 r--s 002ce000 fd:00 5974                       /home/member/.m2/repository/org/apache/tomcat/embed/tomcat-embed-core/8.5.27/tomcat-embed-core-8.5.27.jar
7f5b76669000-7f5b7666a000 r--s 00000000 fd:00 699883                     /home/member/.m2/repository/org/springframework/boot/spring-boot-starter-tomcat/1.5.10.RELEASE/spring-boot-starter-tomcat-1.5.10.RELEASE.jar
7f5b7666a000-7f5b7666b000 r--s 00000000 fd:00 699881                     /home/member/.m2/repository/org/springframework/boot/spring-boot-starter-web/1.5.10.RELEASE/spring-boot-starter-web-1.5.10.RELEASE.jar
7f5b7666b000-7f5b766b8000 r--s 00410000 fd:00 18773                      /home/member/.m2/repository/org/codehaus/groovy/groovy/2.4.13/groovy-2.4.13.jar
7f5b766b8000-7f5b766bb000 r--s 0001a000 fd:00 273576                     /home/member/.m2/repository/nz/net/ultraq/thymeleaf/thymeleaf-layout-dialect/1.4.0/thymeleaf-layout-dialect-1.4.0.jar
7f5b766bb000-7f5b766bd000 r--s 00009000 fd:00 16730                      /home/member/.m2/repository/org/slf4j/slf4j-api/1.7.25/slf4j-api-1.7.25.jar
7f5b766bd000-7f5b766c0000 r--s 00020000 fd:00 566724                     /home/member/.m2/repository/org/unbescape/unbescape/1.1.0.RELEASE/unbescape-1.1.0.RELEASE.jar
7f5b766c0000-7f5b766ca000 r--s 000aa000 fd:00 566722                     /home/member/.m2/repository/org/javassist/javassist/3.21.0-GA/javassist-3.21.0-GA.jar
7f5b766ca000-7f5b766cd000 r--s 00035000 fd:00 273574                     /home/member/.m2/repository/ognl/ognl/3.0.8/ognl-3.0.8.jar
7f5b766cd000-7f5b766da000 r--s 000b7000 fd:00 566720                     /home/member/.m2/repository/org/thymeleaf/thymeleaf/2.1.6.RELEASE/thymeleaf-2.1.6.RELEASE.jar
7f5b766da000-7f5b766dd000 r--s 00034000 fd:00 566718                     /home/member/.m2/repository/org/thymeleaf/thymeleaf-spring4/2.1.6.RELEASE/thymeleaf-spring4-2.1.6.RELEASE.jar
7f5b766dd000-7f5b766e3000 r--s 0003d000 fd:00 16738                      /home/member/.m2/repository/org/yaml/snakeyaml/1.17/snakeyaml-1.17.jar
7f5b766e3000-7f5b766e5000 r--s 00004000 fd:00 16736                      /home/member/.m2/repository/org/slf4j/log4j-over-slf4j/1.7.25/log4j-over-slf4j-1.7.25.jar
7f5b766e5000-7f5b766e7000 r--s 00000000 fd:00 16734                      /home/member/.m2/repository/org/slf4j/jul-to-slf4j/1.7.25/jul-to-slf4j-1.7.25.jar
7f5b766e7000-7f5b766f2000 r--s 0006a000 fd:00 586048                     /home/member/.m2/repository/ch/qos/logback/logback-core/1.1.11/logback-core-1.1.11.jar
7f5b766f2000-7f5b766f9000 r--s 00045000 fd:00 586046                     /home/member/.m2/repository/ch/qos/logback/logback-classic/1.1.11/logback-classic-1.1.11.jar
7f5b766f9000-7f5b766fa000 r--s 00000000 fd:00 696819                     /home/member/.m2/repository/org/springframework/boot/spring-boot-starter-logging/1.5.10.RELEASE/spring-boot-starter-logging-1.5.10.RELEASE.jar
7f5b766fa000-7f5b76700000 r--s 0003a000 fd:00 265118                     /usr/lib/jvm/java-8-openjdk-amd64/jre/lib/ext/sunjce_provider.jar
7f5b76700000-7f5b7671b000 r--s 00394000 fd:00 265115                     /usr/lib/jvm/java-8-openjdk-amd64/jre/lib/ext/cldrdata.jar
7f5b7671b000-7f5b76736000 r--s 001d6000 fd:00 265117                     /usr/lib/jvm/java-8-openjdk-amd64/jre/lib/ext/nashorn.jar
7f5b76736000-7f5b76737000 ---p 00000000 00:00 0 
7f5b76737000-7f5b76837000 rw-p 00000000 00:00 0 
7f5b76837000-7f5b7683a000 ---p 00000000 00:00 0 
7f5b7683a000-7f5b76938000 rw-p 00000000 00:00 0 
7f5b76938000-7f5b7693b000 ---p 00000000 00:00 0 
7f5b7693b000-7f5b76a39000 rw-p 00000000 00:00 0 
7f5b76a39000-7f5b76a3c000 ---p 00000000 00:00 0 
7f5b76a3c000-7f5b76b3a000 rw-p 00000000 00:00 0 
7f5b76b3a000-7f5b76b3d000 ---p 00000000 00:00 0 
7f5b76b3d000-7f5b76c3b000 rw-p 00000000 00:00 0 
7f5b76c3b000-7f5b77091000 r--p 00000000 fd:00 133874                     /usr/lib/locale/locale-archive
7f5b77091000-7f5b77094000 ---p 00000000 00:00 0 
7f5b77094000-7f5b77192000 rw-p 00000000 00:00 0 
7f5b77192000-7f5b77195000 ---p 00000000 00:00 0 
7f5b77195000-7f5b77293000 rw-p 00000000 00:00 0 
7f5b77293000-7f5b77294000 ---p 00000000 00:00 0 
7f5b77294000-7f5b77394000 rw-p 00000000 00:00 0 
7f5b77394000-7f5b77563000 r--s 03c21000 fd:00 148141                     /usr/lib/jvm/java-8-openjdk-amd64/jre/lib/rt.jar
7f5b77563000-7f5b77dd9000 rw-p 00000000 00:00 0 
7f5b77dd9000-7f5b77de4000 rw-p 00000000 00:00 0 
7f5b77de4000-7f5b77e7d000 ---p 00000000 00:00 0 
7f5b77e7d000-7f5b77e93000 rw-p 00000000 00:00 0 
7f5b77e93000-7f5b77fc7000 ---p 00000000 00:00 0 
7f5b77fc7000-7f5b77fe7000 rw-p 00000000 00:00 0 
7f5b77fe7000-7f5b78388000 ---p 00000000 00:00 0 
7f5b78388000-7f5b78b18000 rwxp 00000000 00:00 0 
7f5b78b28000-7f5b87388000 ---p 00000000 00:00 0 
7f5b87388000-7f5b87390000 r-xp 00000000 fd:00 265161                     /usr/lib/jvm/java-8-openjdk-amd64/jre/lib/amd64/libzip.so
7f5b87390000-7f5b8758f000 ---p 00008000 fd:00 265161                     /usr/lib/jvm/java-8-openjdk-amd64/jre/lib/amd64/libzip.so
7f5b8758f000-7f5b87590000 r--p 00007000 fd:00 265161                     /usr/lib/jvm/java-8-openjdk-amd64/jre/lib/amd64/libzip.so
7f5b87590000-7f5b87591000 rw-p 00008000 fd:00 265161                     /usr/lib/jvm/java-8-openjdk-amd64/jre/lib/amd64/libzip.so
7f5b87591000-7f5b8759c000 r-xp 00000000 fd:00 18552                      /lib/x86_64-linux-gnu/libnss_files-2.23.so
7f5b8759c000-7f5b8779b000 ---p 0000b000 fd:00 18552                      /lib/x86_64-linux-gnu/libnss_files-2.23.so
7f5b8779b000-7f5b8779c000 r--p 0000a000 fd:00 18552                      /lib/x86_64-linux-gnu/libnss_files-2.23.so
7f5b8779c000-7f5b8779d000 rw-p 0000b000 fd:00 18552                      /lib/x86_64-linux-gnu/libnss_files-2.23.so
7f5b8779d000-7f5b877a3000 rw-p 00000000 00:00 0 
7f5b877a3000-7f5b877ae000 r-xp 00000000 fd:00 18556                      /lib/x86_64-linux-gnu/libnss_nis-2.23.so
7f5b877ae000-7f5b879ad000 ---p 0000b000 fd:00 18556                      /lib/x86_64-linux-gnu/libnss_nis-2.23.so
7f5b879ad000-7f5b879ae000 r--p 0000a000 fd:00 18556                      /lib/x86_64-linux-gnu/libnss_nis-2.23.so
7f5b879ae000-7f5b879af000 rw-p 0000b000 fd:00 18556                      /lib/x86_64-linux-gnu/libnss_nis-2.23.so
7f5b879af000-7f5b879c5000 r-xp 00000000 fd:00 7620                       /lib/x86_64-linux-gnu/libnsl-2.23.so
7f5b879c5000-7f5b87bc4000 ---p 00016000 fd:00 7620                       /lib/x86_64-linux-gnu/libnsl-2.23.so
7f5b87bc4000-7f5b87bc5000 r--p 00015000 fd:00 7620                       /lib/x86_64-linux-gnu/libnsl-2.23.so
7f5b87bc5000-7f5b87bc6000 rw-p 00016000 fd:00 7620                       /lib/x86_64-linux-gnu/libnsl-2.23.so
7f5b87bc6000-7f5b87bc8000 rw-p 00000000 00:00 0 
7f5b87bc8000-7f5b87bd0000 r-xp 00000000 fd:00 18547                      /lib/x86_64-linux-gnu/libnss_compat-2.23.so
7f5b87bd0000-7f5b87dcf000 ---p 00008000 fd:00 18547                      /lib/x86_64-linux-gnu/libnss_compat-2.23.so
7f5b87dcf000-7f5b87dd0000 r--p 00007000 fd:00 18547                      /lib/x86_64-linux-gnu/libnss_compat-2.23.so
7f5b87dd0000-7f5b87dd1000 rw-p 00008000 fd:00 18547                      /lib/x86_64-linux-gnu/libnss_compat-2.23.so
7f5b87dd1000-7f5b87dfe000 r-xp 00000000 fd:00 265142                     /usr/lib/jvm/java-8-openjdk-amd64/jre/lib/amd64/libjava.so
7f5b87dfe000-7f5b87ffd000 ---p 0002d000 fd:00 265142                     /usr/lib/jvm/java-8-openjdk-amd64/jre/lib/amd64/libjava.so
7f5b87ffd000-7f5b87ffe000 r--p 0002c000 fd:00 265142                     /usr/lib/jvm/java-8-openjdk-amd64/jre/lib/amd64/libjava.so
7f5b87ffe000-7f5b88000000 rw-p 0002d000 fd:00 265142                     /usr/lib/jvm/java-8-openjdk-amd64/jre/lib/amd64/libjava.so
7f5b88000000-7f5b886d1000 rw-p 00000000 00:00 0 
7f5b886d1000-7f5b8c000000 ---p 00000000 00:00 0 
7f5b8c000000-7f5b8c015000 rw-p 00000000 00:00 0 
7f5b8c015000-7f5b8c14a000 ---p 00000000 00:00 0 
7f5b8c14a000-7f5b8c159000 r-xp 00000000 fd:00 265159                     /usr/lib/jvm/java-8-openjdk-amd64/jre/lib/amd64/libverify.so
7f5b8c159000-7f5b8c358000 ---p 0000f000 fd:00 265159                     /usr/lib/jvm/java-8-openjdk-amd64/jre/lib/amd64/libverify.so
7f5b8c358000-7f5b8c35a000 r--p 0000e000 fd:00 265159                     /usr/lib/jvm/java-8-openjdk-amd64/jre/lib/amd64/libverify.so
7f5b8c35a000-7f5b8c35b000 rw-p 00010000 fd:00 265159                     /usr/lib/jvm/java-8-openjdk-amd64/jre/lib/amd64/libverify.so
7f5b8c35b000-7f5b8c362000 r-xp 00000000 fd:00 18557                      /lib/x86_64-linux-gnu/librt-2.23.so
7f5b8c362000-7f5b8c561000 ---p 00007000 fd:00 18557                      /lib/x86_64-linux-gnu/librt-2.23.so
7f5b8c561000-7f5b8c562000 r--p 00006000 fd:00 18557                      /lib/x86_64-linux-gnu/librt-2.23.so
7f5b8c562000-7f5b8c563000 rw-p 00007000 fd:00 18557                      /lib/x86_64-linux-gnu/librt-2.23.so
7f5b8c563000-7f5b8c579000 r-xp 00000000 fd:00 6201                       /lib/x86_64-linux-gnu/libgcc_s.so.1
7f5b8c579000-7f5b8c778000 ---p 00016000 fd:00 6201                       /lib/x86_64-linux-gnu/libgcc_s.so.1
7f5b8c778000-7f5b8c779000 rw-p 00015000 fd:00 6201                       /lib/x86_64-linux-gnu/libgcc_s.so.1
7f5b8c779000-7f5b8c881000 r-xp 00000000 fd:00 7183                       /lib/x86_64-linux-gnu/libm-2.23.so
7f5b8c881000-7f5b8ca80000 ---p 00108000 fd:00 7183                       /lib/x86_64-linux-gnu/libm-2.23.so
7f5b8ca80000-7f5b8ca81000 r--p 00107000 fd:00 7183                       /lib/x86_64-linux-gnu/libm-2.23.so
7f5b8ca81000-7f5b8ca82000 rw-p 00108000 fd:00 7183                       /lib/x86_64-linux-gnu/libm-2.23.so
7f5b8ca82000-7f5b8cbf4000 r-xp 00000000 fd:00 139752                     /usr/lib/x86_64-linux-gnu/libstdc++.so.6.0.21
7f5b8cbf4000-7f5b8cdf4000 ---p 00172000 fd:00 139752                     /usr/lib/x86_64-linux-gnu/libstdc++.so.6.0.21
7f5b8cdf4000-7f5b8cdfe000 r--p 00172000 fd:00 139752                     /usr/lib/x86_64-linux-gnu/libstdc++.so.6.0.21
7f5b8cdfe000-7f5b8ce00000 rw-p 0017c000 fd:00 139752                     /usr/lib/x86_64-linux-gnu/libstdc++.so.6.0.21
7f5b8ce00000-7f5b8ce04000 rw-p 00000000 00:00 0 
7f5b8ce04000-7f5b8da56000 r-xp 00000000 fd:00 265153                     /usr/lib/jvm/java-8-openjdk-amd64/jre/lib/amd64/server/libjvm.so
7f5b8da56000-7f5b8dc56000 ---p 00c52000 fd:00 265153                     /usr/lib/jvm/java-8-openjdk-amd64/jre/lib/amd64/server/libjvm.so
7f5b8dc56000-7f5b8dce9000 r--p 00c52000 fd:00 265153                     /usr/lib/jvm/java-8-openjdk-amd64/jre/lib/amd64/server/libjvm.so
7f5b8dce9000-7f5b8dd12000 rw-p 00ce5000 fd:00 265153                     /usr/lib/jvm/java-8-openjdk-amd64/jre/lib/amd64/server/libjvm.so
7f5b8dd12000-7f5b8dd42000 rw-p 00000000 00:00 0 
7f5b8dd42000-7f5b8dd5a000 r-xp 00000000 fd:00 8156                       /lib/x86_64-linux-gnu/libpthread-2.23.so
7f5b8dd5a000-7f5b8df59000 ---p 00018000 fd:00 8156                       /lib/x86_64-linux-gnu/libpthread-2.23.so
7f5b8df59000-7f5b8df5a000 r--p 00017000 fd:00 8156                       /lib/x86_64-linux-gnu/libpthread-2.23.so
7f5b8df5a000-7f5b8df5b000 rw-p 00018000 fd:00 8156                       /lib/x86_64-linux-gnu/libpthread-2.23.so
7f5b8df5b000-7f5b8df5f000 rw-p 00000000 00:00 0 
7f5b8df5f000-7f5b8df62000 r-xp 00000000 fd:00 18541                      /lib/x86_64-linux-gnu/libdl-2.23.so
7f5b8df62000-7f5b8e161000 ---p 00003000 fd:00 18541                      /lib/x86_64-linux-gnu/libdl-2.23.so
7f5b8e161000-7f5b8e162000 r--p 00002000 fd:00 18541                      /lib/x86_64-linux-gnu/libdl-2.23.so
7f5b8e162000-7f5b8e163000 rw-p 00003000 fd:00 18541                      /lib/x86_64-linux-gnu/libdl-2.23.so
7f5b8e163000-7f5b8e17c000 r-xp 00000000 fd:00 6354                       /lib/x86_64-linux-gnu/libz.so.1.2.8
7f5b8e17c000-7f5b8e37b000 ---p 00019000 fd:00 6354                       /lib/x86_64-linux-gnu/libz.so.1.2.8
7f5b8e37b000-7f5b8e37c000 r--p 00018000 fd:00 6354                       /lib/x86_64-linux-gnu/libz.so.1.2.8
7f5b8e37c000-7f5b8e37d000 rw-p 00019000 fd:00 6354                       /lib/x86_64-linux-gnu/libz.so.1.2.8
7f5b8e37d000-7f5b8e53d000 r-xp 00000000 fd:00 8167                       /lib/x86_64-linux-gnu/libc-2.23.so
7f5b8e53d000-7f5b8e73d000 ---p 001c0000 fd:00 8167                       /lib/x86_64-linux-gnu/libc-2.23.so
7f5b8e73d000-7f5b8e741000 r--p 001c0000 fd:00 8167                       /lib/x86_64-linux-gnu/libc-2.23.so
7f5b8e741000-7f5b8e743000 rw-p 001c4000 fd:00 8167                       /lib/x86_64-linux-gnu/libc-2.23.so
7f5b8e743000-7f5b8e747000 rw-p 00000000 00:00 0 
7f5b8e747000-7f5b8e754000 r-xp 00000000 fd:00 265157                     /usr/lib/jvm/java-8-openjdk-amd64/jre/lib/amd64/jli/libjli.so
7f5b8e754000-7f5b8e954000 ---p 0000d000 fd:00 265157                     /usr/lib/jvm/java-8-openjdk-amd64/jre/lib/amd64/jli/libjli.so
7f5b8e954000-7f5b8e955000 r--p 0000d000 fd:00 265157                     /usr/lib/jvm/java-8-openjdk-amd64/jre/lib/amd64/jli/libjli.so
7f5b8e955000-7f5b8e956000 rw-p 0000e000 fd:00 265157                     /usr/lib/jvm/java-8-openjdk-amd64/jre/lib/amd64/jli/libjli.so
7f5b8e956000-7f5b8e97c000 r-xp 00000000 fd:00 8071                       /lib/x86_64-linux-gnu/ld-2.23.so
7f5b8e97c000-7f5b8e986000 r--s 00116000 fd:00 265120                     /usr/lib/jvm/java-8-openjdk-amd64/jre/lib/ext/localedata.jar
7f5b8e986000-7f5b8ea57000 rw-p 00000000 00:00 0 
7f5b8ea57000-7f5b8ea5a000 ---p 00000000 00:00 0 
7f5b8ea5a000-7f5b8eb5c000 rw-p 00000000 00:00 0 
7f5b8eb5c000-7f5b8eb5d000 r--s 00000000 fd:00 696813                     /home/member/.m2/repository/org/springframework/boot/spring-boot-starter/1.5.10.RELEASE/spring-boot-starter-1.5.10.RELEASE.jar
7f5b8eb5d000-7f5b8eb5e000 r--s 00000000 fd:00 699969                     /home/member/.m2/repository/org/springframework/boot/spring-boot-starter-thymeleaf/1.5.10.RELEASE/spring-boot-starter-thymeleaf-1.5.10.RELEASE.jar
7f5b8eb5e000-7f5b8eb5f000 r--s 00010000 fd:00 265116                     /usr/lib/jvm/java-8-openjdk-amd64/jre/lib/ext/zipfs.jar
7f5b8eb5f000-7f5b8eb60000 r--s 0000a000 fd:00 265122                     /usr/lib/jvm/java-8-openjdk-amd64/jre/lib/ext/jaccess.jar
7f5b8eb60000-7f5b8eb63000 r--s 0000f000 fd:00 265114                     /usr/lib/jvm/java-8-openjdk-amd64/jre/lib/ext/icedtea-sound.jar
7f5b8eb63000-7f5b8eb65000 r--s 00001000 fd:00 265123                     /usr/lib/jvm/java-8-openjdk-amd64/jre/lib/ext/dnsns.jar
7f5b8eb65000-7f5b8eb67000 r--s 00008000 fd:00 265119                     /usr/lib/jvm/java-8-openjdk-amd64/jre/lib/ext/sunec.jar
7f5b8eb67000-7f5b8eb6b000 r--s 00037000 fd:00 265121                     /usr/lib/jvm/java-8-openjdk-amd64/jre/lib/ext/sunpkcs11.jar
7f5b8eb6b000-7f5b8eb73000 rw-s 00000000 fd:00 450453                     /tmp/hsperfdata_member/3469
7f5b8eb73000-7f5b8eb74000 rw-p 00000000 00:00 0 
7f5b8eb74000-7f5b8eb75000 r--p 00000000 00:00 0 
7f5b8eb75000-7f5b8eb76000 rw-p 00000000 00:00 0 
7f5b8eb76000-7f5b8eb79000 r--p 00000000 00:00 0                          [vvar]
7f5b8eb79000-7f5b8eb7b000 r-xp 00000000 00:00 0                          [vdso]
7f5b8eb7b000-7f5b8eb7c000 r--p 00025000 fd:00 8071                       /lib/x86_64-linux-gnu/ld-2.23.so
7f5b8eb7c000-7f5b8eb7d000 rw-p 00026000 fd:00 8071                       /lib/x86_64-linux-gnu/ld-2.23.so
7f5b8eb7d000-7f5b8eb7e000 rw-p 00000000 00:00 0 
7ffe1bb21000-7ffe1bb44000 rw-p 00000000 00:00 0                          [stack]
ffffffffff600000-ffffffffff601000 r-xp 00000000 00:00 0                  [vsyscall]

VM Arguments:
java_command: com.invitationService.invitationService.InvitationServiceApplication
java_class_path (initial): /home/member/Project/invitationservice/target/classes:/home/member/.m2/repository/org/springframework/boot/spring-boot-starter-thymeleaf/1.5.10.RELEASE/spring-boot-starter-thymeleaf-1.5.10.RELEASE.jar:/home/member/.m2/repository/org/springframework/boot/spring-boot-starter/1.5.10.RELEASE/spring-boot-starter-1.5.10.RELEASE.jar:/home/member/.m2/repository/org/springframework/boot/spring-boot-starter-logging/1.5.10.RELEASE/spring-boot-starter-logging-1.5.10.RELEASE.jar:/home/member/.m2/repository/ch/qos/logback/logback-classic/1.1.11/logback-classic-1.1.11.jar:/home/member/.m2/repository/ch/qos/logback/logback-core/1.1.11/logback-core-1.1.11.jar:/home/member/.m2/repository/org/slf4j/jul-to-slf4j/1.7.25/jul-to-slf4j-1.7.25.jar:/home/member/.m2/repository/org/slf4j/log4j-over-slf4j/1.7.25/log4j-over-slf4j-1.7.25.jar:/home/member/.m2/repository/org/yaml/snakeyaml/1.17/snakeyaml-1.17.jar:/home/member/.m2/repository/org/thymeleaf/thymeleaf-spring4/2.1.6.RELEASE/thymeleaf-spring4-2.1.6.RELEASE.jar:/home/member/.m2/repository/org/thymeleaf/thymeleaf/2.1.6.RELEASE/thymeleaf-2.1.6.RELEASE.jar:/home/member/.m2/repository/ognl/ognl/3.0.8/ognl-3.0.8.jar:/home/member/.m2/repository/org/javassist/javassist/3.21.0-GA/javassist-3.21.0-GA.jar:/home/member/.m2/repository/org/unbescape/unbescape/1.1.0.RELEASE/unbescape-1.1.0.RELEASE.jar:/home/member/.m2/repository/org/slf4j/slf4j-api/1.7.25/slf4j-api-1.7.25.jar:/home/member/.m2/repository/nz/net/ultraq/thymeleaf/thymeleaf-layout-dialect/1.4.0/thymeleaf-layout-dialect-1.4.0.jar:/home/member/.m2/repository/org/codehaus/groovy/groovy/2.4.13/groovy-2.4.13.jar:/home/member/.m2/repository/org/springframework/boot/spring-boot-starter-web/1.5.10.RELEASE/spring-boot-starter-web-1.5.10.RELEASE.jar:/home/member/.m2/repository/org/springframework/boot/spring-boot-starter-tomcat/1.5.10.RELEASE/spring-boot-starter-tomcat-1.5.10.RELEASE.jar:/home/member/.m2/repository/org/apache/tomcat/embed/tomcat-embed-core/8.5.27/tomcat-
Launcher Type: SUN_STANDARD

Environment Variables:
JAVA_HOME=/usr/lib/jvm/java-8-openjdk-amd64
PATH=/home/member/bin:/home/member/.local/bin:/usr/local/sbin:/usr/local/bin:/usr/sbin:/usr/bin:/sbin:/bin:/usr/games:/usr/local/games:/snap/bin
SHELL=/bin/bash
DISPLAY=:0

Signal Handlers:
SIGSEGV: [libjvm.so+0xa69040], sa_mask[0]=11111111011111111101111111111110, sa_flags=SA_RESTART|SA_SIGINFO
SIGBUS: [libjvm.so+0xa69040], sa_mask[0]=11111111011111111101111111111110, sa_flags=SA_RESTART|SA_SIGINFO
SIGFPE: [libjvm.so+0x8b2170], sa_mask[0]=11111111011111111101111111111110, sa_flags=SA_RESTART|SA_SIGINFO
SIGPIPE: [libjvm.so+0x8b2170], sa_mask[0]=11111111011111111101111111111110, sa_flags=SA_RESTART|SA_SIGINFO
SIGXFSZ: [libjvm.so+0x8b2170], sa_mask[0]=11111111011111111101111111111110, sa_flags=SA_RESTART|SA_SIGINFO
SIGILL: [libjvm.so+0x8b2170], sa_mask[0]=11111111011111111101111111111110, sa_flags=SA_RESTART|SA_SIGINFO
SIGUSR1: SIG_DFL, sa_mask[0]=00000000000000000000000000000000, sa_flags=none
SIGUSR2: [libjvm.so+0x8b2020], sa_mask[0]=00100000000000000000000000000000, sa_flags=SA_RESTART|SA_SIGINFO
SIGHUP: [libjvm.so+0x8b24f0], sa_mask[0]=11111111011111111101111111111110, sa_flags=SA_RESTART|SA_SIGINFO
SIGINT: SIG_IGN, sa_mask[0]=00000000000000000000000000000000, sa_flags=none
SIGTERM: [libjvm.so+0x8b24f0], sa_mask[0]=11111111011111111101111111111110, sa_flags=SA_RESTART|SA_SIGINFO
SIGQUIT: [libjvm.so+0x8b24f0], sa_mask[0]=11111111011111111101111111111110, sa_flags=SA_RESTART|SA_SIGINFO


---------------  S Y S T E M  ---------------

OS:DISTRIB_ID=Ubuntu
DISTRIB_RELEASE=16.04
DISTRIB_CODENAME=xenial
DISTRIB_DESCRIPTION="Ubuntu 16.04.3 LTS"

uname:Linux 4.13.0-32-generic #35~16.04.1-Ubuntu SMP Thu Jan 25 10:13:43 UTC 2018 x86_64
libc:glibc 2.23 NPTL 2.23 
rlimit: STACK 8192k, CORE 0k, NPROC 15571, NOFILE 1048576, AS infinity
load average:120,35 56,09 24,70

/proc/meminfo:
MemTotal:        4039988 kB
MemFree:           84788 kB
MemAvailable:      36880 kB
Buffers:            3952 kB
Cached:           131608 kB
SwapCached:         7160 kB
Active:          3099696 kB
Inactive:         664332 kB
Active(anon):    3043328 kB
Inactive(anon):   608176 kB
Active(file):      56368 kB
Inactive(file):    56156 kB
Unevictable:          32 kB
Mlocked:              32 kB
SwapTotal:       4190204 kB
SwapFree:          55704 kB
Dirty:               492 kB
Writeback:           812 kB
AnonPages:       3622864 kB
Mapped:            92796 kB
Shmem:             22828 kB
Slab:              67988 kB
SReclaimable:      28940 kB
SUnreclaim:        39048 kB
KernelStack:       20048 kB
PageTables:        70076 kB
NFS_Unstable:          0 kB
Bounce:                0 kB
WritebackTmp:          0 kB
CommitLimit:     6210196 kB
Committed_AS:   18762096 kB
VmallocTotal:   34359738367 kB
VmallocUsed:           0 kB
VmallocChunk:          0 kB
HardwareCorrupted:     0 kB
AnonHugePages:         0 kB
ShmemHugePages:        0 kB
ShmemPmdMapped:        0 kB
CmaTotal:              0 kB
CmaFree:               0 kB
HugePages_Total:       0
HugePages_Free:        0
HugePages_Rsvd:        0
HugePages_Surp:        0
Hugepagesize:       2048 kB
DirectMap4k:       98240 kB
DirectMap2M:     4096000 kB


CPU:total 1 (initial active 1) (1 cores per cpu, 1 threads per core) family 6 model 142 stepping 9, cmov, cx8, fxsr, mmx, sse, sse2, sse3, ssse3, sse4.1, sse4.2, popcnt, avx, avx2, aes, clmul, 3dnowpref, lzcnt, tsc, tscinvbit

/proc/cpuinfo:
processor	: 0
vendor_id	: GenuineIntel
cpu family	: 6
model		: 142
model name	: Intel(R) Core(TM) i5-7300U CPU @ 2.60GHz
stepping	: 9
cpu MHz		: 2712.002
cache size	: 3072 KB
physical id	: 0
siblings	: 1
core id		: 0
cpu cores	: 1
apicid		: 0
initial apicid	: 0
fpu		: yes
fpu_exception	: yes
cpuid level	: 22
wp		: yes
flags		: fpu vme de pse tsc msr pae mce cx8 apic sep mtrr pge mca cmov pat pse36 clflush mmx fxsr sse sse2 syscall nx rdtscp lm constant_tsc rep_good nopl xtopology nonstop_tsc cpuid pni pclmulqdq monitor ssse3 cx16 sse4_1 sse4_2 x2apic movbe popcnt aes xsave avx rdrand hypervisor lahf_lm abm 3dnowprefetch pti avx2 rdseed clflushopt
bugs		: cpu_meltdown spectre_v1 spectre_v2
bogomips	: 5424.00
clflush size	: 64
cache_alignment	: 64
address sizes	: 39 bits physical, 48 bits virtual
power management:



Memory: 4k page, physical 4039988k(84968k free), swap 4190204k(55360k free)

vm_info: OpenJDK 64-Bit Server VM (25.151-b12) for linux-amd64 JRE (1.8.0_151-8u151-b12-0ubuntu0.16.04.2-b12), built on Oct 27 2017 21:59:02 by "buildd" with gcc 5.4.0 20160609

time: Tue Feb 20 17:44:58 2018
elapsed time: 291 seconds (0d 0h 4m 51s)

